2026-04-29 13:04:00,241 - __main__ - INFO - Token value: 
2026-04-29 13:04:00,926 - __main__ - INFO - Time: 2026-04-29T13:00
2026-04-29 13:04:00,926 - __main__ - INFO - Temperature: 25.1 °C
2026-04-29 13:04:00,926 - __main__ - INFO - Wind Speed: 9.9 km/h
2026-04-29 13:04:00,926 - __main__ - INFO - Wind Direction: 9°
2026-04-29 13:04:00,926 - __main__ - INFO - Is Day: 0
2026-04-29 13:04:00,926 - __main__ - INFO - Weather Code: 3
2026-04-29 15:37:03,421 - __main__ - INFO - Weather pipeline started
2026-04-29 15:37:03,856 - __main__ - INFO - Weather record extracted: {'api_latitude': 14.024605, 'api_longitude': 121.60369, 'timezone': 'GMT', 'observation_time': '2026-04-29T15:30', 'temperature_c': 24.9, 'windspeed_kmh': 9.7, 'winddirection_deg': 12, 'is_day': 0, 'weathercode': 2}
2026-04-29 15:37:05,134 - __main__ - INFO - Weather record inserted into Neon successfully
2026-04-30 02:08:58,373 - __main__ - INFO - Weather pipeline started
2026-04-30 02:08:58,837 - __main__ - INFO - Weather record extracted: {'api_latitude': 14.024605, 'api_longitude': 121.60369, 'timezone': 'GMT', 'observation_time': '2026-04-30T02:00', 'temperature_c': 29.3, 'windspeed_kmh': 15.4, 'winddirection_deg': 42, 'is_day': 1, 'weathercode': 3}
2026-04-30 02:08:59,750 - __main__ - INFO - Weather record inserted into Neon successfully
2026-05-01 02:12:47,344 - __main__ - INFO - Weather pipeline started
2026-05-01 02:12:47,749 - __main__ - INFO - Weather record extracted: {'api_latitude': 14.024605, 'api_longitude': 121.60369, 'timezone': 'GMT', 'observation_time': '2026-05-01T02:00', 'temperature_c': 30.0, 'windspeed_kmh': 13.2, 'winddirection_deg': 46, 'is_day': 1, 'weathercode': 3}
2026-05-01 02:12:48,523 - __main__ - INFO - Weather record inserted into Neon successfully
2026-05-03 02:04:27,093 - __main__ - INFO - Weather pipeline started
2026-05-03 02:04:27,741 - __main__ - INFO - Weather record extracted: {'api_latitude': 14.024605, 'api_longitude': 121.60369, 'timezone': 'GMT', 'observation_time': '2026-05-03T02:00', 'temperature_c': 28.4, 'windspeed_kmh': 14.0, 'winddirection_deg': 46, 'is_day': 1, 'weathercode': 51}
2026-05-03 02:04:29,194 - __main__ - INFO - Weather record inserted into Neon successfully
2026-05-04 02:04:20,371 - __main__ - INFO - Weather pipeline started
2026-05-04 02:04:20,937 - __main__ - INFO - Weather record extracted: {'api_latitude': 14.024605, 'api_longitude': 121.60369, 'timezone': 'GMT', 'observation_time': '2026-05-04T02:00', 'temperature_c': 28.9, 'windspeed_kmh': 14.4, 'winddirection_deg': 41, 'is_day': 1, 'weathercode': 51}
2026-05-04 02:04:23,234 - __main__ - INFO - Weather record inserted into Neon successfully
2026-05-05 02:04:09,142 - __main__ - INFO - Weather pipeline started
2026-05-05 02:04:09,605 - __main__ - INFO - Weather record extracted: {'api_latitude': 14.024605, 'api_longitude': 121.60369, 'timezone': 'GMT', 'observation_time': '2026-05-05T02:00', 'temperature_c': 29.6, 'windspeed_kmh': 14.8, 'winddirection_deg': 51, 'is_day': 1, 'weathercode': 1}
2026-05-05 02:04:10,462 - __main__ - INFO - Weather record inserted into Neon successfully
2026-05-05 08:22:07,020 - __main__ - INFO - Weather pipeline started
2026-05-05 08:22:07,648 - __main__ - INFO - Weather record extracted: {'api_latitude': 14.024605, 'api_longitude': 121.60369, 'timezone': 'GMT', 'observation_time': '2026-05-05T08:15', 'temperature_c': 26.9, 'windspeed_kmh': 13.0, 'winddirection_deg': 48, 'is_day': 1, 'weathercode': 55}
2026-05-05 08:22:09,107 - __main__ - INFO - Weather record inserted into Neon successfully
2026-05-06 02:03:20,715 - __main__ - INFO - Weather pipeline started
2026-05-06 02:03:21,343 - __main__ - INFO - Weather record extracted: {'api_latitude': 14.024605, 'api_longitude': 121.60369, 'timezone': 'GMT', 'observation_time': '2026-05-06T02:00', 'temperature_c': 28.5, 'windspeed_kmh': 13.2, 'winddirection_deg': 43, 'is_day': 1, 'weathercode': 51}
2026-05-06 02:03:22,769 - __main__ - INFO - Weather record inserted into Neon successfully
2026-05-07 02:05:45,522 - __main__ - INFO - Weather pipeline started
2026-05-07 02:05:46,133 - __main__ - INFO - Weather record extracted: {'api_latitude': 14.024605, 'api_longitude': 121.60369, 'timezone': 'GMT', 'observation_time': '2026-05-07T02:00', 'temperature_c': 29.1, 'windspeed_kmh': 14.1, 'winddirection_deg': 39, 'is_day': 1, 'weathercode': 3}
2026-05-07 02:05:47,543 - __main__ - INFO - Weather record inserted into Neon successfully
2026-05-08 02:13:00,358 - __main__ - INFO - Weather pipeline started
2026-05-08 02:13:00,765 - __main__ - INFO - Weather record extracted: {'api_latitude': 14.024605, 'api_longitude': 121.60369, 'timezone': 'GMT', 'observation_time': '2026-05-08T02:00', 'temperature_c': 29.3, 'windspeed_kmh': 15.4, 'winddirection_deg': 45, 'is_day': 1, 'weathercode': 3}
2026-05-08 02:13:03,431 - __main__ - INFO - Weather record inserted into Neon successfully
2026-05-09 02:06:32,292 - __main__ - INFO - Weather pipeline started
2026-05-09 02:06:32,825 - __main__ - INFO - Weather record extracted: {'api_latitude': 14.024605, 'api_longitude': 121.60369, 'timezone': 'GMT', 'observation_time': '2026-05-09T02:00', 'temperature_c': 28.5, 'windspeed_kmh': 14.8, 'winddirection_deg': 37, 'is_day': 1, 'weathercode': 53}
2026-05-09 02:06:33,851 - __main__ - INFO - Weather record inserted into Neon successfully
2026-05-10 02:07:43,520 - __main__ - INFO - Weather pipeline started
2026-05-10 02:07:43,984 - __main__ - INFO - Weather record extracted: {'api_latitude': 14.024605, 'api_longitude': 121.60369, 'timezone': 'GMT', 'observation_time': '2026-05-10T02:00', 'temperature_c': 30.0, 'windspeed_kmh': 14.2, 'winddirection_deg': 41, 'is_day': 1, 'weathercode': 0}
2026-05-10 02:07:45,284 - __main__ - INFO - Weather record inserted into Neon successfully
2026-05-11 02:26:34,444 - __main__ - INFO - Weather pipeline started
2026-05-11 02:26:34,861 - __main__ - INFO - Weather record extracted: {'api_latitude': 14.024605, 'api_longitude': 121.60369, 'timezone': 'GMT', 'observation_time': '2026-05-11T02:15', 'temperature_c': 29.3, 'windspeed_kmh': 13.0, 'winddirection_deg': 45, 'is_day': 1, 'weathercode': 51}
2026-05-11 02:26:36,047 - __main__ - INFO - Weather record inserted into Neon successfully
2026-05-12 02:11:59,764 - __main__ - INFO - Weather pipeline started
2026-05-12 02:12:00,450 - __main__ - INFO - Weather record extracted: {'api_latitude': 14.024605, 'api_longitude': 121.60369, 'timezone': 'GMT', 'observation_time': '2026-05-12T02:00', 'temperature_c': 31.5, 'windspeed_kmh': 6.3, 'winddirection_deg': 53, 'is_day': 1, 'weathercode': 3}
2026-05-12 02:12:01,868 - __main__ - INFO - Weather record inserted into Neon successfully
2026-05-13 02:26:40,679 - __main__ - INFO - Weather pipeline started
2026-05-13 02:26:41,086 - __main__ - INFO - Weather record extracted: {'api_latitude': 14.024605, 'api_longitude': 121.60369, 'timezone': 'GMT', 'observation_time': '2026-05-13T02:15', 'temperature_c': 32.8, 'windspeed_kmh': 4.1, 'winddirection_deg': 124, 'is_day': 1, 'weathercode': 51}
2026-05-13 02:26:41,846 - __main__ - INFO - Weather record inserted into Neon successfully
2026-05-14 02:28:32,667 - __main__ - INFO - Weather pipeline started
2026-05-14 02:28:33,209 - __main__ - INFO - Weather record extracted: {'api_latitude': 14.024605, 'api_longitude': 121.60369, 'timezone': 'GMT', 'observation_time': '2026-05-14T02:15', 'temperature_c': 32.2, 'windspeed_kmh': 6.3, 'winddirection_deg': 145, 'is_day': 1, 'weathercode': 3}
2026-05-14 02:28:34,209 - __main__ - INFO - Weather record inserted into Neon successfully
2026-05-15 02:27:04,470 - __main__ - INFO - Weather pipeline started
2026-05-15 02:27:05,092 - __main__ - INFO - Weather record extracted: {'api_latitude': 14.024605, 'api_longitude': 121.60369, 'timezone': 'GMT', 'observation_time': '2026-05-15T02:15', 'temperature_c': 30.4, 'windspeed_kmh': 6.2, 'winddirection_deg': 73, 'is_day': 1, 'weathercode': 53}
2026-05-15 02:27:06,359 - __main__ - INFO - Weather record inserted into Neon successfully
2026-05-16 02:09:22,048 - __main__ - INFO - Weather pipeline started
2026-05-16 02:09:22,646 - __main__ - INFO - Weather record extracted: {'api_latitude': 14.024605, 'api_longitude': 121.60369, 'timezone': 'GMT', 'observation_time': '2026-05-16T02:00', 'temperature_c': 29.5, 'windspeed_kmh': 8.7, 'winddirection_deg': 60, 'is_day': 1, 'weathercode': 3}
2026-05-16 02:09:23,614 - __main__ - INFO - Weather record inserted into Neon successfully
2026-05-17 02:14:26,488 - __main__ - INFO - Weather pipeline started
2026-05-17 02:14:27,123 - __main__ - INFO - Weather record extracted: {'api_latitude': 14.024605, 'api_longitude': 121.60369, 'timezone': 'GMT', 'observation_time': '2026-05-17T02:00', 'temperature_c': 29.9, 'windspeed_kmh': 13.2, 'winddirection_deg': 38, 'is_day': 1, 'weathercode': 51}
2026-05-17 02:14:28,081 - __main__ - INFO - Weather record inserted into Neon successfully
2026-05-18 02:34:29,878 - __main__ - INFO - Weather pipeline started
2026-05-18 02:34:30,275 - __main__ - INFO - Weather record extracted: {'api_latitude': 14.024605, 'api_longitude': 121.60369, 'timezone': 'GMT', 'observation_time': '2026-05-18T02:30', 'temperature_c': 28.4, 'windspeed_kmh': 10.2, 'winddirection_deg': 37, 'is_day': 1, 'weathercode': 80}
2026-05-18 02:34:34,973 - __main__ - INFO - Weather record inserted into Neon successfully
2026-05-19 02:33:24,847 - __main__ - INFO - Weather pipeline started
2026-05-19 02:33:25,274 - __main__ - INFO - Weather record extracted: {'api_latitude': 14.024605, 'api_longitude': 121.60369, 'timezone': 'GMT', 'observation_time': '2026-05-19T02:30', 'temperature_c': 28.8, 'windspeed_kmh': 9.3, 'winddirection_deg': 54, 'is_day': 1, 'weathercode': 80}
2026-05-19 02:33:26,121 - __main__ - INFO - Weather record inserted into Neon successfully
2026-05-20 02:33:44,703 - __main__ - INFO - Weather pipeline started
2026-05-20 02:33:45,126 - __main__ - INFO - Weather record extracted: {'api_latitude': 14.024605, 'api_longitude': 121.60369, 'timezone': 'GMT', 'observation_time': '2026-05-20T02:30', 'temperature_c': 30.6, 'windspeed_kmh': 9.6, 'winddirection_deg': 64, 'is_day': 1, 'weathercode': 51}
2026-05-20 02:33:45,841 - __main__ - INFO - Weather record inserted into Neon successfully
2026-05-21 02:34:34,872 - __main__ - INFO - Weather pipeline started
2026-05-21 02:34:35,278 - __main__ - INFO - Weather record extracted: {'api_latitude': 14.024605, 'api_longitude': 121.60369, 'timezone': 'GMT', 'observation_time': '2026-05-21T02:30', 'temperature_c': 30.8, 'windspeed_kmh': 10.2, 'winddirection_deg': 60, 'is_day': 1, 'weathercode': 53}
2026-05-21 02:34:36,183 - __main__ - INFO - Weather record inserted into Neon successfully
2026-05-22 02:36:18,468 - __main__ - INFO - Weather pipeline started
2026-05-22 02:36:19,035 - __main__ - INFO - Weather record extracted: {'api_latitude': 14.024605, 'api_longitude': 121.60369, 'timezone': 'GMT', 'observation_time': '2026-05-22T02:30', 'temperature_c': 30.5, 'windspeed_kmh': 13.1, 'winddirection_deg': 44, 'is_day': 1, 'weathercode': 51}
2026-05-22 02:36:19,951 - __main__ - INFO - Weather record inserted into Neon successfully
